WARNING 2019-07-12 23:39:11,114 base 152 Not Found: /
WARNING 2019-07-12 23:39:11,118 basehttp 124 "GET / HTTP/1.1" 404 2109
WARNING 2019-07-12 23:39:11,460 base 152 Not Found: /favicon.ico
WARNING 2019-07-12 23:39:11,464 basehttp 124 "GET /favicon.ico HTTP/1.1" 404 2160
ERROR 2019-07-12 23:39:37,151 exceptions 26 [<verifications.views.ImageCodeView object at 0x7f656c1226d8>] Error 111 connecting to 10.211.55.5:6379. Connection refused.
ERROR 2019-07-12 23:39:37,278 basehttp 124 "GET /image_codes/11/ HTTP/1.1" 507 5283
INFO 2019-07-12 23:39:37,330 basehttp 124 "GET /static/rest_framework/css/bootstrap-tweaks.css HTTP/1.1" 200 3385
INFO 2019-07-12 23:39:37,331 basehttp 124 "GET /static/rest_framework/css/default.css HTTP/1.1" 200 1131
INFO 2019-07-12 23:39:37,332 basehttp 124 "GET /static/rest_framework/css/prettify.css HTTP/1.1" 200 817
INFO 2019-07-12 23:39:37,336 basehttp 124 "GET /static/rest_framework/js/jquery-3.3.1.min.js HTTP/1.1" 200 86927
INFO 2019-07-12 23:39:37,355 basehttp 124 "GET /static/rest_framework/js/bootstrap.min.js HTTP/1.1" 200 37608
INFO 2019-07-12 23:39:37,356 basehttp 124 "GET /static/rest_framework/js/ajax-form.js HTTP/1.1" 200 3597
INFO 2019-07-12 23:39:37,358 basehttp 124 "GET /static/rest_framework/js/csrf.js HTTP/1.1" 200 1719
INFO 2019-07-12 23:39:37,360 basehttp 124 "GET /static/rest_framework/css/bootstrap.min.css HTTP/1.1" 200 121457
INFO 2019-07-12 23:39:37,362 basehttp 124 "GET /static/rest_framework/js/prettify-min.js HTTP/1.1" 200 13632
INFO 2019-07-12 23:39:37,389 basehttp 124 "GET /static/rest_framework/js/default.js HTTP/1.1" 200 1268
INFO 2019-07-12 23:39:37,887 basehttp 124 "GET /static/rest_framework/img/grid.png HTTP/1.1" 200 1458
WARNING 2019-07-12 23:39:38,313 base 152 Not Found: /favicon.ico
WARNING 2019-07-12 23:39:38,314 basehttp 124 "GET /favicon.ico HTTP/1.1" 404 2166
ERROR 2019-07-12 23:39:54,205 exceptions 26 [<verifications.views.ImageCodeView object at 0x7f656c08a518>] Error 111 connecting to 10.211.55.5:6379. Connection refused.
ERROR 2019-07-12 23:39:54,242 basehttp 124 "GET /image_codes/11/ HTTP/1.1" 507 5283
INFO 2019-07-12 23:39:54,290 basehttp 124 "GET /static/rest_framework/css/bootstrap.min.css HTTP/1.1" 304 0
INFO 2019-07-12 23:39:54,303 basehttp 124 "GET /static/rest_framework/js/jquery-3.3.1.min.js HTTP/1.1" 304 0
INFO 2019-07-12 23:39:54,305 basehttp 124 "GET /static/rest_framework/css/prettify.css HTTP/1.1" 304 0
INFO 2019-07-12 23:39:54,306 basehttp 124 "GET /static/rest_framework/css/default.css HTTP/1.1" 304 0
INFO 2019-07-12 23:39:54,307 basehttp 124 "GET /static/rest_framework/css/bootstrap-tweaks.css HTTP/1.1" 304 0
INFO 2019-07-12 23:39:54,326 basehttp 124 "GET /static/rest_framework/js/ajax-form.js HTTP/1.1" 304 0
INFO 2019-07-12 23:39:54,331 basehttp 124 "GET /static/rest_framework/js/csrf.js HTTP/1.1" 304 0
INFO 2019-07-12 23:39:54,342 basehttp 124 "GET /static/rest_framework/js/bootstrap.min.js HTTP/1.1" 304 0
INFO 2019-07-12 23:39:54,353 basehttp 124 "GET /static/rest_framework/js/prettify-min.js HTTP/1.1" 304 0
INFO 2019-07-12 23:39:54,356 basehttp 124 "GET /static/rest_framework/js/default.js HTTP/1.1" 304 0
ERROR 2019-07-12 23:39:56,738 exceptions 26 [<verifications.views.ImageCodeView object at 0x7f656c087ef0>] Error 111 connecting to 10.211.55.5:6379. Connection refused.
ERROR 2019-07-12 23:39:56,793 basehttp 124 "GET /image_codes/11/ HTTP/1.1" 507 5283
INFO 2019-07-12 23:39:56,826 basehttp 124 "GET /static/rest_framework/css/bootstrap.min.css HTTP/1.1" 304 0
INFO 2019-07-12 23:39:56,847 basehttp 124 "GET /static/rest_framework/css/bootstrap-tweaks.css HTTP/1.1" 304 0
INFO 2019-07-12 23:39:56,851 basehttp 124 "GET /static/rest_framework/css/prettify.css HTTP/1.1" 304 0
INFO 2019-07-12 23:39:56,861 basehttp 124 "GET /static/rest_framework/css/default.css HTTP/1.1" 304 0
INFO 2019-07-12 23:39:56,866 basehttp 124 "GET /static/rest_framework/js/jquery-3.3.1.min.js HTTP/1.1" 304 0
INFO 2019-07-12 23:39:56,881 basehttp 124 "GET /static/rest_framework/js/ajax-form.js HTTP/1.1" 304 0
INFO 2019-07-12 23:39:56,896 basehttp 124 "GET /static/rest_framework/js/csrf.js HTTP/1.1" 304 0
INFO 2019-07-12 23:39:56,903 basehttp 124 "GET /static/rest_framework/js/bootstrap.min.js HTTP/1.1" 304 0
INFO 2019-07-12 23:39:56,926 basehttp 124 "GET /static/rest_framework/js/default.js HTTP/1.1" 304 0
INFO 2019-07-12 23:39:56,931 basehttp 124 "GET /static/rest_framework/js/prettify-min.js HTTP/1.1" 304 0
WARNING 2019-07-12 23:40:01,679 basehttp 124 "GET /static/rest_framework/css/bootstrap.min.css.map HTTP/1.1" 404 1739
WARNING 2019-07-13 08:18:58,100 base 152 Not Found: /
WARNING 2019-07-13 08:18:58,135 basehttp 124 "GET / HTTP/1.1" 404 2109
WARNING 2019-07-13 08:18:58,771 base 152 Not Found: /favicon.ico
WARNING 2019-07-13 08:18:58,801 basehttp 124 "GET /favicon.ico HTTP/1.1" 404 2160
WARNING 2019-07-13 08:19:18,714 base 152 Not Found: /
WARNING 2019-07-13 08:19:18,714 basehttp 124 "GET / HTTP/1.1" 404 2115
WARNING 2019-07-13 08:19:18,771 base 152 Not Found: /favicon.ico
WARNING 2019-07-13 08:19:18,774 basehttp 124 "GET /favicon.ico HTTP/1.1" 404 2166
WARNING 2019-07-13 08:19:35,604 base 152 Not Found: /image_codes//
WARNING 2019-07-13 08:19:35,605 basehttp 124 "GET /image_codes// HTTP/1.1" 404 2172
ERROR 2019-07-13 08:19:49,104 exceptions 26 [<verifications.views.ImageCodeView object at 0x7fc2fc082630>] Error 111 connecting to 10.211.55.5:6379. Connection refused.
ERROR 2019-07-13 08:19:49,176 basehttp 124 "GET /image_codes/11/ HTTP/1.1" 507 5283
ERROR 2019-07-13 08:20:29,821 exceptions 26 [<verifications.views.ImageCodeView object at 0x7fc2fc04cb70>] Error 111 connecting to 10.211.55.5:6379. Connection refused.
ERROR 2019-07-13 08:20:29,845 basehttp 124 "GET /image_codes/3/ HTTP/1.1" 507 5277
INFO 2019-07-13 08:20:29,878 basehttp 124 "GET /static/rest_framework/css/bootstrap.min.css HTTP/1.1" 304 0
INFO 2019-07-13 08:20:29,882 basehttp 124 "GET /static/rest_framework/css/bootstrap-tweaks.css HTTP/1.1" 304 0
INFO 2019-07-13 08:20:29,886 basehttp 124 "GET /static/rest_framework/css/prettify.css HTTP/1.1" 304 0
INFO 2019-07-13 08:20:29,931 basehttp 124 "GET /static/rest_framework/css/default.css HTTP/1.1" 304 0
INFO 2019-07-13 08:20:29,937 basehttp 124 "GET /static/rest_framework/js/jquery-3.3.1.min.js HTTP/1.1" 304 0
INFO 2019-07-13 08:20:29,941 basehttp 124 "GET /static/rest_framework/js/ajax-form.js HTTP/1.1" 304 0
INFO 2019-07-13 08:20:29,943 basehttp 124 "GET /static/rest_framework/js/csrf.js HTTP/1.1" 304 0
INFO 2019-07-13 08:20:29,946 basehttp 124 "GET /static/rest_framework/js/bootstrap.min.js HTTP/1.1" 304 0
INFO 2019-07-13 08:20:29,948 basehttp 124 "GET /static/rest_framework/js/prettify-min.js HTTP/1.1" 304 0
INFO 2019-07-13 08:20:29,956 basehttp 124 "GET /static/rest_framework/js/default.js HTTP/1.1" 304 0
INFO 2019-07-13 08:20:30,464 basehttp 124 "GET /static/rest_framework/img/grid.png HTTP/1.1" 304 0
ERROR 2019-07-13 08:23:18,428 exceptions 26 [<verifications.views.ImageCodeView object at 0x7fc2fc04c4e0>] Error 111 connecting to 10.211.55.5:6379. Connection refused.
ERROR 2019-07-13 08:23:18,449 basehttp 124 "GET /image_codes/11-22/ HTTP/1.1" 507 5301
INFO 2019-07-13 08:27:35,673 basehttp 124 "GET /image_codes/11/ HTTP/1.1" 200 3051
INFO 2019-07-13 08:27:39,556 basehttp 124 "GET /image_codes/11/ HTTP/1.1" 200 3167
INFO 2019-07-13 08:27:40,143 basehttp 124 "GET /image_codes/11/ HTTP/1.1" 200 2946
INFO 2019-07-13 09:46:54,783 basehttp 124 "GET /image_codes/11/ HTTP/1.1" 200 3375
INFO 2019-07-13 09:46:57,082 basehttp 124 "GET /image_codes/11/ HTTP/1.1" 200 3538
WARNING 2019-07-13 10:20:15,014 base 152 Not Found: /
WARNING 2019-07-13 10:20:15,015 basehttp 124 "GET / HTTP/1.1" 404 2115
WARNING 2019-07-13 10:20:23,114 base 152 Not Found: /register/
WARNING 2019-07-13 10:20:23,116 basehttp 124 "GET /register/ HTTP/1.1" 404 2160
WARNING 2019-07-13 10:23:11,961 base 152 Not Found: /register.html
WARNING 2019-07-13 10:23:11,963 basehttp 124 "GET /register.html HTTP/1.1" 404 2172
WARNING 2019-07-13 10:23:38,209 base 152 Not Found: /register.html/
WARNING 2019-07-13 10:23:38,210 basehttp 124 "GET /register.html/ HTTP/1.1" 404 2175
WARNING 2019-07-13 10:24:50,197 base 152 Not Found: /register.html/
WARNING 2019-07-13 10:24:50,198 basehttp 124 "GET /register.html/ HTTP/1.1" 404 88
WARNING 2019-07-13 10:25:00,191 base 152 Not Found: /register.html/
WARNING 2019-07-13 10:25:00,210 basehttp 124 "GET /register.html/ HTTP/1.1" 404 2175
WARNING 2019-07-13 10:27:42,873 base 152 Not Found: /register.html/
WARNING 2019-07-13 10:27:42,875 basehttp 124 "GET /register.html/ HTTP/1.1" 404 2175
WARNING 2019-07-13 10:27:46,512 base 152 Not Found: /register.html/
WARNING 2019-07-13 10:27:46,514 basehttp 124 "GET /register.html/ HTTP/1.1" 404 2175
WARNING 2019-07-13 10:28:12,474 base 152 Not Found: /register.html
WARNING 2019-07-13 10:28:12,475 basehttp 124 "GET /register.html HTTP/1.1" 404 2172
WARNING 2019-07-13 10:30:12,024 base 152 Not Found: /register.html
WARNING 2019-07-13 10:30:12,038 basehttp 124 "GET /register.html HTTP/1.1" 404 2172
WARNING 2019-07-13 10:30:17,431 base 152 Not Found: /register.html
WARNING 2019-07-13 10:30:17,432 basehttp 124 "GET /register.html HTTP/1.1" 404 2172
WARNING 2019-07-13 10:32:35,170 base 152 Not Found: /register.html
WARNING 2019-07-13 10:32:35,172 basehttp 124 "GET /register.html HTTP/1.1" 404 2166
INFO 2019-07-13 10:35:42,988 basehttp 124 "GET /image_codes/d176d33d-d7d5-4995-904c-aa6a923eca5c/ HTTP/1.1" 200 3220
INFO 2019-07-13 10:35:46,631 basehttp 124 "GET /image_codes/7f36bbdb-a1e2-4182-ae65-9f02606e4afe/ HTTP/1.1" 200 3342
INFO 2019-07-13 10:35:47,128 basehttp 124 "GET /image_codes/f806457e-d632-48fc-ad2c-fee6490f3896/ HTTP/1.1" 200 3057
INFO 2019-07-13 10:35:47,320 basehttp 124 "GET /image_codes/2b6e1b48-c0ea-4e16-a019-0afd14294004/ HTTP/1.1" 200 3578
INFO 2019-07-13 10:35:47,493 basehttp 124 "GET /image_codes/63258f02-cb1d-47b7-920d-4b9f6bf60f37/ HTTP/1.1" 200 2916
WARNING 2019-07-14 18:16:03,031 base 152 Not Found: /
WARNING 2019-07-14 18:16:03,039 basehttp 124 "GET / HTTP/1.1" 404 2328
WARNING 2019-07-14 18:16:03,568 base 152 Not Found: /favicon.ico
WARNING 2019-07-14 18:16:03,569 basehttp 124 "GET /favicon.ico HTTP/1.1" 404 2379
WARNING 2019-07-14 18:22:02,814 base 152 Not Found: /register.html
WARNING 2019-07-14 18:22:02,816 basehttp 124 "GET /register.html HTTP/1.1" 404 2391
WARNING 2019-07-14 18:22:02,853 base 152 Not Found: /favicon.ico
WARNING 2019-07-14 18:22:02,854 basehttp 124 "GET /favicon.ico HTTP/1.1" 404 2385
WARNING 2019-07-14 18:27:35,030 base 152 Not Found: /books/
WARNING 2019-07-14 18:27:35,031 basehttp 124 "GET /books/ HTTP/1.1" 404 2364
WARNING 2019-07-14 18:34:06,299 base 152 Not Found: /register.html
WARNING 2019-07-14 18:34:06,300 basehttp 124 "GET /register.html HTTP/1.1" 404 2361
INFO 2019-07-14 18:37:04,444 basehttp 124 "GET /image_codes/5972c103-23d6-4375-96ca-dbb7b9d32279/ HTTP/1.1" 200 3312
INFO 2019-07-14 18:37:31,700 basehttp 124 "GET /image_codes/851062e3-2af4-4063-9431-c53efa0c3953/ HTTP/1.1" 200 3042
WARNING 2019-07-14 18:37:56,563 basehttp 124 "GET /sms_codes/18535162378/?text=DCOU&image_code_id=851062e3-2af4-4063-9431-c53efa0c3953 HTTP/1.1" 400 46
INFO 2019-07-14 18:39:47,104 basehttp 124 "GET /image_codes/b5c1d78b-e281-4037-b906-c28ad9934c62/ HTTP/1.1" 200 3007
WARNING 2019-07-14 18:40:02,747 basehttp 124 "GET /sms_codes/18535162378/?text=GWOI&image_code_id=b5c1d78b-e281-4037-b906-c28ad9934c62 HTTP/1.1" 400 46
WARNING 2019-07-14 18:40:20,721 basehttp 124 "GET /sms_codes/18535162378/?text=GWOI&image_code_id=b5c1d78b-e281-4037-b906-c28ad9934c62 HTTP/1.1" 400 5660
INFO 2019-07-14 18:40:20,756 basehttp 124 "GET /static/rest_framework/css/bootstrap.min.css HTTP/1.1" 200 121457
INFO 2019-07-14 18:40:20,774 basehttp 124 "GET /static/rest_framework/css/prettify.css HTTP/1.1" 200 817
INFO 2019-07-14 18:40:20,793 basehttp 124 "GET /static/rest_framework/css/bootstrap-tweaks.css HTTP/1.1" 200 3385
INFO 2019-07-14 18:40:20,821 basehttp 124 "GET /static/rest_framework/css/default.css HTTP/1.1" 200 1131
INFO 2019-07-14 18:40:20,825 basehttp 124 "GET /static/rest_framework/js/jquery-3.3.1.min.js HTTP/1.1" 200 86927
INFO 2019-07-14 18:40:20,834 basehttp 124 "GET /static/rest_framework/js/prettify-min.js HTTP/1.1" 200 13632
INFO 2019-07-14 18:40:20,836 basehttp 124 "GET /static/rest_framework/js/csrf.js HTTP/1.1" 200 1719
INFO 2019-07-14 18:40:20,840 basehttp 124 "GET /static/rest_framework/js/ajax-form.js HTTP/1.1" 200 3597
INFO 2019-07-14 18:40:20,847 basehttp 124 "GET /static/rest_framework/js/bootstrap.min.js HTTP/1.1" 200 37608
INFO 2019-07-14 18:40:20,851 basehttp 124 "GET /static/rest_framework/js/default.js HTTP/1.1" 200 1268
INFO 2019-07-14 18:40:20,870 basehttp 124 "GET /static/rest_framework/img/grid.png HTTP/1.1" 200 1458
WARNING 2019-07-14 18:40:21,208 base 152 Not Found: /favicon.ico
WARNING 2019-07-14 18:40:21,208 basehttp 124 "GET /favicon.ico HTTP/1.1" 404 2355
INFO 2019-07-14 18:49:29,349 basehttp 124 "GET /image_codes/7390d78f-80b2-40ca-b220-9a662010a0ea/ HTTP/1.1" 200 3068
WARNING 2019-07-14 18:49:42,303 basehttp 124 "GET /sms_codes/18535162318/?text=9NTI&image_code_id=7390d78f-80b2-40ca-b220-9a662010a0ea HTTP/1.1" 400 46
INFO 2019-07-14 18:49:42,341 basehttp 124 "GET /image_codes/b2a3af9a-8654-4060-8795-63b6b746510a/ HTTP/1.1" 200 3287
WARNING 2019-07-14 18:49:57,680 basehttp 124 "GET /sms_codes/18535162318/?text=N7CL&image_code_id=b2a3af9a-8654-4060-8795-63b6b746510a HTTP/1.1" 400 46
INFO 2019-07-14 18:49:57,720 basehttp 124 "GET /image_codes/b12e89f7-9149-4268-9b0f-15d8a1fbbf4e/ HTTP/1.1" 200 2738
INFO 2019-07-14 18:50:33,519 basehttp 124 "GET /image_codes/30bfa6a6-7706-48ae-8587-a2bba159c60c/ HTTP/1.1" 200 3257
INFO 2019-07-14 18:50:33,936 basehttp 124 "GET /image_codes/5e1538f6-7f50-4dbd-ac34-ff32164bbcee/ HTTP/1.1" 200 3568
WARNING 2019-07-14 18:50:41,805 basehttp 124 "GET /sms_codes/18535162318/?text=vrnr&image_code_id=5e1538f6-7f50-4dbd-ac34-ff32164bbcee HTTP/1.1" 400 46
INFO 2019-07-14 18:50:41,825 basehttp 124 "GET /image_codes/d35e4760-d58d-4496-9585-47dbf9f88d69/ HTTP/1.1" 200 3290
INFO 2019-07-14 18:51:58,837 basehttp 124 "GET /image_codes/7c6cce1e-4061-4442-a025-946d44747fa7/ HTTP/1.1" 200 2861
WARNING 2019-07-14 18:53:05,163 basehttp 124 "GET /sms_codes/18535162323/?text=EYIT&image_code_id=7c6cce1e-4061-4442-a025-946d44747fa7 HTTP/1.1" 400 46
INFO 2019-07-14 18:53:05,225 basehttp 124 "GET /image_codes/1a92fbf6-f6b5-416b-9a1a-a7753cdd6be3/ HTTP/1.1" 200 3188
INFO 2019-07-14 18:53:31,141 basehttp 124 "GET /image_codes/ca86e55c-2f01-49ed-b24e-7f102b2c09e7/ HTTP/1.1" 200 3541
WARNING 2019-07-14 18:53:43,320 views 59 发送验证码短信[失败][ mobile: 18569698989 ]
ERROR 2019-07-14 18:53:43,321 basehttp 124 "GET /sms_codes/18569698989/?text=MIIW&image_code_id=ca86e55c-2f01-49ed-b24e-7f102b2c09e7 HTTP/1.1" 500 20
INFO 2019-07-14 18:58:01,879 basehttp 124 "GET /image_codes/9952f99e-ea5b-4c46-a2f2-5ce461fd38a9/ HTTP/1.1" 200 2767
WARNING 2019-07-14 19:00:55,428 views 59 发送验证码短信[失败][ mobile: 18511223344 ]
ERROR 2019-07-14 19:00:57,098 basehttp 124 "GET /sms_codes/18511223344/?text=4B7J&image_code_id=9952f99e-ea5b-4c46-a2f2-5ce461fd38a9 HTTP/1.1" 500 20
INFO 2019-07-14 19:01:28,505 basehttp 124 "GET /image_codes/4f0e337e-5599-4f3e-8922-3ceef77071ff/ HTTP/1.1" 200 3149
WARNING 2019-07-14 19:01:51,323 views 59 发送验证码短信[失败][ mobile: 18599889988 ]
ERROR 2019-07-14 19:01:51,343 basehttp 124 "GET /sms_codes/18599889988/?text=ZYPV&image_code_id=4f0e337e-5599-4f3e-8922-3ceef77071ff HTTP/1.1" 500 20
INFO 2019-07-14 19:16:46,787 basehttp 124 "GET /image_codes/d3bee37a-f40d-409b-848d-14be27dea495/ HTTP/1.1" 200 3173
WARNING 2019-07-14 19:17:01,353 views 59 发送验证码短信[失败][ mobile: 18598986323 ]
ERROR 2019-07-14 19:17:01,357 basehttp 124 "GET /sms_codes/18598986323/?text=PDOY&image_code_id=d3bee37a-f40d-409b-848d-14be27dea495 HTTP/1.1" 500 20
INFO 2019-07-14 19:17:42,229 basehttp 124 "GET /image_codes/590f6270-2bb1-40d6-9a78-b21e4339c24b/ HTTP/1.1" 200 3348
INFO 2019-07-14 19:17:53,224 views 56 发送验证码短信[正常][ mobile: 15399116580 ]
INFO 2019-07-14 19:17:53,226 basehttp 124 "GET /sms_codes/15399116580/?text=CGMX&image_code_id=590f6270-2bb1-40d6-9a78-b21e4339c24b HTTP/1.1" 200 16
INFO 2019-07-14 20:53:53,328 basehttp 124 "GET /image_codes/73b7cbae-f4aa-47f8-bba7-8b8c2295804e/ HTTP/1.1" 200 3109
INFO 2019-07-14 20:56:27,581 basehttp 124 "GET /image_codes/3f864729-c019-4cf4-8833-1b36b4952d20/ HTTP/1.1" 200 3100
ERROR 2019-07-14 20:56:41,330 tasks 16 短信发送异常[mobile:15399116580,message:'int' object has no attribute 'SMS_CODE_TEMP_ID']
INFO 2019-07-14 20:56:41,331 basehttp 124 "GET /sms_codes/15399116580/?text=CTUZ&image_code_id=3f864729-c019-4cf4-8833-1b36b4952d20 HTTP/1.1" 200 16
INFO 2019-07-14 20:57:45,119 basehttp 124 "GET /image_codes/4d41d54c-bfae-4a8b-b476-87428305beae/ HTTP/1.1" 200 2879
ERROR 2019-07-14 20:57:53,693 tasks 16 短信发送异常[mobile:15399116580,message:'int' object has no attribute 'SMS_CODE_TEMP_ID']
INFO 2019-07-14 20:57:53,698 basehttp 124 "GET /sms_codes/15399116580/?text=4BXV&image_code_id=4d41d54c-bfae-4a8b-b476-87428305beae HTTP/1.1" 200 16
INFO 2019-07-14 21:00:59,597 basehttp 124 "GET /image_codes/10999aae-8776-4421-8abd-53f91fafe5a5/ HTTP/1.1" 200 3083
INFO 2019-07-14 21:01:09,219 tasks 19 发送验证码短信[正常][ mobile: 15399116580 ]
INFO 2019-07-14 21:01:09,222 basehttp 124 "GET /sms_codes/15399116580/?text=VAOZ&image_code_id=10999aae-8776-4421-8abd-53f91fafe5a5 HTTP/1.1" 200 16
INFO 2019-07-14 21:04:32,538 basehttp 124 "GET /image_codes/f8ef5ec0-6a37-4d12-add2-919792b8777e/ HTTP/1.1" 200 3248
ERROR 2019-07-14 21:04:44,629 tasks 16 短信发送异常[mobile:15399116580,message:'int' object has no attribute 'SMS_CODE_TEMP_ID']
INFO 2019-07-14 21:04:44,644 basehttp 124 "GET /sms_codes/15399116580/?text=EFW8&image_code_id=f8ef5ec0-6a37-4d12-add2-919792b8777e HTTP/1.1" 200 16
INFO 2019-07-14 21:06:56,340 basehttp 124 "GET /image_codes/29ad3602-275b-4937-8ede-af784b8409e8/ HTTP/1.1" 200 3330
ERROR 2019-07-14 21:07:09,315 tasks 16 短信发送异常[mobile:15399116580,message:'int' object has no attribute 'SMS_CODE_TEMP_ID']
INFO 2019-07-14 21:07:09,316 basehttp 124 "GET /sms_codes/15399116580/?text=UWY8&image_code_id=29ad3602-275b-4937-8ede-af784b8409e8 HTTP/1.1" 200 16
INFO 2019-07-14 21:14:45,307 basehttp 124 "GET /image_codes/7d6bff53-3098-4157-a3c5-cc509be07542/ HTTP/1.1" 200 3018
ERROR 2019-07-14 21:14:54,656 tasks 16 短信发送异常[mobile:944789,message:'int' object has no attribute 'SMS_CODE_TEMP_ID']
INFO 2019-07-14 21:14:54,671 basehttp 124 "GET /sms_codes/15399116580/?text=UFPZ&image_code_id=7d6bff53-3098-4157-a3c5-cc509be07542 HTTP/1.1" 200 16
INFO 2019-07-14 21:18:50,817 basehttp 124 "GET /image_codes/ccc27705-f390-4bcb-97f0-7fef189ca02d/ HTTP/1.1" 200 3551
INFO 2019-07-14 21:19:00,759 basehttp 124 "GET /sms_codes/15399116580/?text=HROL&image_code_id=ccc27705-f390-4bcb-97f0-7fef189ca02d HTTP/1.1" 200 16
ERROR 2019-07-14 21:19:00,760 tasks 16 短信发送异常[mobile:951235,message:'int' object has no attribute 'SMS_CODE_TEMP_ID']
INFO 2019-07-14 21:22:14,931 basehttp 124 "GET /image_codes/9ed5ce1c-b7a5-4a4a-8a06-cb12efb7eb71/ HTTP/1.1" 200 3363
INFO 2019-07-14 21:22:23,371 basehttp 124 "GET /sms_codes/15399116580/?text=DM8O&image_code_id=9ed5ce1c-b7a5-4a4a-8a06-cb12efb7eb71 HTTP/1.1" 200 16
ERROR 2019-07-14 21:22:23,372 tasks 16 短信发送异常[mobile:032536,message:'int' object has no attribute 'SMS_CODE_TEMP_ID']
INFO 2019-07-14 21:23:20,861 basehttp 124 "GET /image_codes/fb0efe27-75ab-45d8-a1d7-9c5acd52f6a8/ HTTP/1.1" 200 2969
ERROR 2019-07-14 21:23:59,488 tasks 16 短信发送异常[mobile:392304,message:'int' object has no attribute 'SMS_CODE_TEMP_ID']
INFO 2019-07-14 21:24:15,548 basehttp 124 "GET /sms_codes/15399116580/?text=SDEO&image_code_id=fb0efe27-75ab-45d8-a1d7-9c5acd52f6a8 HTTP/1.1" 200 16
INFO 2019-07-14 21:24:35,858 basehttp 124 "GET /image_codes/9b4c88cb-f92d-4cd1-9882-fb4d23491dae/ HTTP/1.1" 200 2763
WARNING 2019-07-14 21:24:45,072 basehttp 124 "GET /sms_codes/15399116580/?text=XWC6&image_code_id=9b4c88cb-f92d-4cd1-9882-fb4d23491dae HTTP/1.1" 400 49
INFO 2019-07-14 21:24:45,116 basehttp 124 "GET /image_codes/8e4827ad-364a-4671-b4a4-950ffacaee45/ HTTP/1.1" 200 2666
ERROR 2019-07-14 21:24:56,660 tasks 16 短信发送异常[mobile:728658,message:'int' object has no attribute 'SMS_CODE_TEMP_ID']
INFO 2019-07-14 21:24:56,664 basehttp 124 "GET /sms_codes/15399116580/?text=PFWO&image_code_id=8e4827ad-364a-4671-b4a4-950ffacaee45 HTTP/1.1" 200 16
INFO 2019-07-14 21:27:02,249 basehttp 124 "GET /image_codes/a543b40b-e373-421c-96c1-ce0df86c3800/ HTTP/1.1" 200 2855
INFO 2019-07-14 21:27:12,025 basehttp 124 "GET /sms_codes/15399116580/?text=LEJC&image_code_id=a543b40b-e373-421c-96c1-ce0df86c3800 HTTP/1.1" 200 16
INFO 2019-07-14 21:27:12,574 tasks 18 发送验证码短信[正常][ mobile: 15399116580 ]
INFO 2019-07-14 21:53:29,830 basehttp 124 "GET /image_codes/66cd37c9-ce52-4894-a347-8c7b77e973d6/ HTTP/1.1" 200 3137
WARNING 2019-07-14 23:07:58,923 base 152 Not Found: /
WARNING 2019-07-14 23:07:58,955 basehttp 124 "GET / HTTP/1.1" 404 2453
WARNING 2019-07-14 23:07:59,400 base 152 Not Found: /favicon.ico
WARNING 2019-07-14 23:07:59,408 basehttp 124 "GET /favicon.ico HTTP/1.1" 404 2504
INFO 2019-07-14 23:09:01,480 basehttp 124 "GET /image_codes/a7f48065-d5e2-42d3-a5d2-19ed4a4e7390/ HTTP/1.1" 200 2944
WARNING 2019-07-14 23:09:10,726 base 152 Not Found: /usernames/15399116580/count/
WARNING 2019-07-14 23:09:10,728 basehttp 124 "GET /usernames/15399116580/count/ HTTP/1.1" 404 2561
WARNING 2019-07-14 23:09:25,076 base 152 Not Found: /mobiles/15399116580/count/
WARNING 2019-07-14 23:09:25,080 basehttp 124 "GET /mobiles/15399116580/count/ HTTP/1.1" 404 2555
WARNING 2019-07-14 23:09:42,517 base 152 Not Found: /mobiles/15399116580/count/
WARNING 2019-07-14 23:09:42,525 basehttp 124 "GET /mobiles/15399116580/count/ HTTP/1.1" 404 2555
INFO 2019-07-14 23:09:42,884 basehttp 124 "GET /sms_codes/15399116580/?text=VV85&image_code_id=a7f48065-d5e2-42d3-a5d2-19ed4a4e7390 HTTP/1.1" 200 16
WARNING 2019-07-14 23:09:51,024 base 152 Not Found: /usernames/python/count/
WARNING 2019-07-14 23:09:51,026 basehttp 124 "GET /usernames/python/count/ HTTP/1.1" 404 2546
WARNING 2019-07-14 23:09:51,043 base 152 Not Found: /mobiles/15399116580/count/
WARNING 2019-07-14 23:09:51,044 basehttp 124 "GET /mobiles/15399116580/count/ HTTP/1.1" 404 2555
INFO 2019-07-14 23:09:51,054 basehttp 124 "OPTIONS /users/ HTTP/1.1" 200 0
WARNING 2019-07-14 23:09:51,112 basehttp 124 "POST /users/ HTTP/1.1" 400 48
WARNING 2019-07-14 23:13:00,769 tasks 20 发送验证码短信[失败][ mobile: 15399116580 ]
INFO 2019-07-14 23:13:29,449 basehttp 124 "GET /image_codes/1a8c6bb7-9428-4d80-93f8-70bac5a55945/ HTTP/1.1" 200 3303
WARNING 2019-07-14 23:13:42,708 base 152 Not Found: /usernames/python/count/
WARNING 2019-07-14 23:13:42,745 basehttp 124 "GET /usernames/python/count/ HTTP/1.1" 404 2546
WARNING 2019-07-14 23:14:02,583 base 152 Not Found: /mobiles/15399116580/count/
WARNING 2019-07-14 23:14:02,588 basehttp 124 "GET /mobiles/15399116580/count/ HTTP/1.1" 404 2555
WARNING 2019-07-14 23:14:12,899 base 152 Not Found: /mobiles/15399116580/count/
WARNING 2019-07-14 23:14:12,942 basehttp 124 "GET /mobiles/15399116580/count/ HTTP/1.1" 404 2555
INFO 2019-07-14 23:14:13,302 basehttp 124 "GET /sms_codes/15399116580/?text=FIGD&image_code_id=1a8c6bb7-9428-4d80-93f8-70bac5a55945 HTTP/1.1" 200 16
WARNING 2019-07-14 23:14:24,920 base 152 Not Found: /mobiles/15399116580/count/
WARNING 2019-07-14 23:14:24,940 basehttp 124 "GET /mobiles/15399116580/count/ HTTP/1.1" 404 2555
WARNING 2019-07-14 23:14:24,947 base 152 Not Found: /usernames/python/count/
WARNING 2019-07-14 23:14:24,967 basehttp 124 "GET /usernames/python/count/ HTTP/1.1" 404 2546
WARNING 2019-07-14 23:14:33,312 tasks 20 发送验证码短信[失败][ mobile: 15399116580 ]
INFO 2019-07-14 23:17:35,446 basehttp 124 "GET /image_codes/6b00c9ce-84ab-4562-8830-aed78e0f3d26/ HTTP/1.1" 200 3239
WARNING 2019-07-14 23:17:55,313 base 152 Not Found: /usernames/python/count/
WARNING 2019-07-14 23:17:55,320 basehttp 124 "GET /usernames/python/count/ HTTP/1.1" 404 2546
WARNING 2019-07-14 23:18:08,705 base 152 Not Found: /mobiles/15399116580/count/
WARNING 2019-07-14 23:18:08,708 basehttp 124 "GET /mobiles/15399116580/count/ HTTP/1.1" 404 2555
WARNING 2019-07-14 23:18:11,706 base 152 Not Found: /mobiles/15399116580/count/
WARNING 2019-07-14 23:18:11,708 basehttp 124 "GET /mobiles/15399116580/count/ HTTP/1.1" 404 2555
WARNING 2019-07-14 23:18:13,036 base 152 Not Found: /mobiles/15399116580/count/
WARNING 2019-07-14 23:18:13,068 basehttp 124 "GET /mobiles/15399116580/count/ HTTP/1.1" 404 2555
INFO 2019-07-14 23:18:13,295 basehttp 124 "GET /sms_codes/15399116580/?text=IUFH&image_code_id=6b00c9ce-84ab-4562-8830-aed78e0f3d26 HTTP/1.1" 200 16
WARNING 2019-07-14 23:18:25,561 base 152 Not Found: /usernames/python/count/
WARNING 2019-07-14 23:18:25,575 basehttp 124 "GET /usernames/python/count/ HTTP/1.1" 404 2546
WARNING 2019-07-14 23:18:25,581 base 152 Not Found: /mobiles/15399116580/count/
WARNING 2019-07-14 23:18:25,590 basehttp 124 "GET /mobiles/15399116580/count/ HTTP/1.1" 404 2555
INFO 2019-07-14 23:18:25,783 basehttp 124 "POST /users/ HTTP/1.1" 201 51
WARNING 2019-07-14 23:18:33,320 tasks 20 发送验证码短信[失败][ mobile: 15399116580 ]
INFO 2019-07-14 23:21:17,617 basehttp 124 "GET /image_codes/00339217-d512-4574-bae1-4409aae0d9cb/ HTTP/1.1" 200 2990
WARNING 2019-07-14 23:21:27,101 base 152 Not Found: /usernames/python3/count/
WARNING 2019-07-14 23:21:27,103 basehttp 124 "GET /usernames/python3/count/ HTTP/1.1" 404 2867
WARNING 2019-07-14 23:21:34,310 base 152 Not Found: /mobiles/15399116580/count/
WARNING 2019-07-14 23:21:34,311 basehttp 124 "GET /mobiles/15399116580/count/ HTTP/1.1" 404 2873
WARNING 2019-07-14 23:21:43,471 base 152 Not Found: /mobiles/15399116580/count/
WARNING 2019-07-14 23:21:43,484 basehttp 124 "GET /mobiles/15399116580/count/ HTTP/1.1" 404 2873
INFO 2019-07-14 23:21:43,654 basehttp 124 "GET /sms_codes/15399116580/?text=A97L&image_code_id=00339217-d512-4574-bae1-4409aae0d9cb HTTP/1.1" 200 16
WARNING 2019-07-14 23:21:52,395 base 152 Not Found: /usernames/python3/count/
INFO 2019-07-14 23:21:52,399 basehttp 124 "OPTIONS /users/ HTTP/1.1" 200 0
WARNING 2019-07-14 23:21:52,399 base 152 Not Found: /mobiles/15399116580/count/
WARNING 2019-07-14 23:21:52,406 basehttp 124 "GET /mobiles/15399116580/count/ HTTP/1.1" 404 2873
WARNING 2019-07-14 23:21:52,411 basehttp 124 "GET /usernames/python3/count/ HTTP/1.1" 404 2867
WARNING 2019-07-14 23:21:52,448 basehttp 124 "POST /users/ HTTP/1.1" 400 55
WARNING 2019-07-14 23:21:55,306 base 152 Not Found: /usernames/python3/count/
WARNING 2019-07-14 23:21:55,319 basehttp 124 "GET /usernames/python3/count/ HTTP/1.1" 404 2867
WARNING 2019-07-14 23:21:55,319 base 152 Not Found: /mobiles/15399116580/count/
WARNING 2019-07-14 23:21:55,329 basehttp 124 "GET /mobiles/15399116580/count/ HTTP/1.1" 404 2873
WARNING 2019-07-14 23:21:55,364 basehttp 124 "POST /users/ HTTP/1.1" 400 55
WARNING 2019-07-14 23:22:08,684 tasks 20 发送验证码短信[失败][ mobile: 15399116580 ]
INFO 2019-07-15 08:14:08,338 basehttp 124 "GET /image_codes/a50a48ee-eec9-488b-980c-808dc2cabcf2/ HTTP/1.1" 200 3061
INFO 2019-07-15 08:14:10,487 basehttp 124 "GET /image_codes/2f45ee48-4870-4dcc-b880-0240b36be495/ HTTP/1.1" 200 3358
WARNING 2019-07-15 08:14:22,871 base 152 Not Found: /usernames/python/count/
WARNING 2019-07-15 08:14:22,872 basehttp 124 "GET /usernames/python/count/ HTTP/1.1" 404 2864
WARNING 2019-07-15 08:14:44,417 base 152 Not Found: /mobiles/15399116580/count/
WARNING 2019-07-15 08:14:44,418 basehttp 124 "GET /mobiles/15399116580/count/ HTTP/1.1" 404 2873
WARNING 2019-07-15 08:14:53,795 base 152 Not Found: /mobiles/15399116580/count/
WARNING 2019-07-15 08:14:53,801 basehttp 124 "GET /mobiles/15399116580/count/ HTTP/1.1" 404 2873
INFO 2019-07-15 08:14:53,882 basehttp 124 "GET /sms_codes/15399116580/?text=TKZK&image_code_id=2f45ee48-4870-4dcc-b880-0240b36be495 HTTP/1.1" 200 16
WARNING 2019-07-15 08:15:04,025 base 152 Not Found: /mobiles/15399116580/count/
WARNING 2019-07-15 08:15:04,027 base 152 Not Found: /usernames/python/count/
WARNING 2019-07-15 08:15:04,032 basehttp 124 "GET /usernames/python/count/ HTTP/1.1" 404 2864
WARNING 2019-07-15 08:15:04,028 basehttp 124 "GET /mobiles/15399116580/count/ HTTP/1.1" 404 2873
INFO 2019-07-15 08:15:04,030 basehttp 124 "OPTIONS /users/ HTTP/1.1" 200 0
WARNING 2019-07-15 08:15:04,098 basehttp 124 "POST /users/ HTTP/1.1" 400 160
WARNING 2019-07-15 08:15:14,963 tasks 20 发送验证码短信[失败][ mobile: 15399116580 ]
INFO 2019-07-15 08:18:15,529 basehttp 124 "GET /image_codes/72aa6a55-2e12-485f-b592-3a7aab0f5680/ HTTP/1.1" 200 3529
WARNING 2019-07-15 08:18:37,968 base 152 Not Found: /usernames/python4/count/
WARNING 2019-07-15 08:18:37,970 basehttp 124 "GET /usernames/python4/count/ HTTP/1.1" 404 2549
WARNING 2019-07-15 08:18:43,257 base 152 Not Found: /mobiles/15399116580/count/
WARNING 2019-07-15 08:18:43,268 basehttp 124 "GET /mobiles/15399116580/count/ HTTP/1.1" 404 2555
WARNING 2019-07-15 08:18:47,445 base 152 Not Found: /mobiles/15399116580/count/
WARNING 2019-07-15 08:18:47,447 basehttp 124 "GET /mobiles/15399116580/count/ HTTP/1.1" 404 2555
WARNING 2019-07-15 08:18:48,693 base 152 Not Found: /mobiles/15399116580/count/
WARNING 2019-07-15 08:18:48,695 basehttp 124 "GET /mobiles/15399116580/count/ HTTP/1.1" 404 2555
INFO 2019-07-15 08:18:48,778 basehttp 124 "GET /sms_codes/15399116580/?text=NOPO&image_code_id=72aa6a55-2e12-485f-b592-3a7aab0f5680 HTTP/1.1" 200 16
WARNING 2019-07-15 08:18:58,695 base 152 Not Found: /usernames/python4/count/
WARNING 2019-07-15 08:18:58,696 base 152 Not Found: /mobiles/15399116580/count/
WARNING 2019-07-15 08:18:58,705 basehttp 124 "GET /mobiles/15399116580/count/ HTTP/1.1" 404 2555
WARNING 2019-07-15 08:18:58,705 basehttp 124 "GET /usernames/python4/count/ HTTP/1.1" 404 2549
WARNING 2019-07-15 08:18:58,714 basehttp 124 "POST /users/ HTTP/1.1" 400 102
WARNING 2019-07-15 08:19:09,881 tasks 20 发送验证码短信[失败][ mobile: 15399116580 ]
INFO 2019-07-15 08:21:26,106 basehttp 124 "GET /image_codes/2c892c6b-68ba-4dd7-93a6-5078de7f0ef7/ HTTP/1.1" 200 3374
WARNING 2019-07-15 08:21:38,559 base 152 Not Found: /usernames/python5/count/
WARNING 2019-07-15 08:21:38,563 basehttp 124 "GET /usernames/python5/count/ HTTP/1.1" 404 2549
WARNING 2019-07-15 08:21:45,001 base 152 Not Found: /mobiles/15399116580/count/
WARNING 2019-07-15 08:21:45,003 basehttp 124 "GET /mobiles/15399116580/count/ HTTP/1.1" 404 2555
WARNING 2019-07-15 08:21:51,050 base 152 Not Found: /mobiles/15399116580/count/
WARNING 2019-07-15 08:21:51,064 basehttp 124 "GET /mobiles/15399116580/count/ HTTP/1.1" 404 2555
INFO 2019-07-15 08:21:51,199 basehttp 124 "GET /sms_codes/15399116580/?text=IULS&image_code_id=2c892c6b-68ba-4dd7-93a6-5078de7f0ef7 HTTP/1.1" 200 16
WARNING 2019-07-15 08:21:59,523 base 152 Not Found: /usernames/python5/count/
WARNING 2019-07-15 08:21:59,543 basehttp 124 "GET /usernames/python5/count/ HTTP/1.1" 404 2549
WARNING 2019-07-15 08:21:59,556 base 152 Not Found: /mobiles/15399116580/count/
WARNING 2019-07-15 08:21:59,567 basehttp 124 "GET /mobiles/15399116580/count/ HTTP/1.1" 404 2555
WARNING 2019-07-15 08:21:59,584 basehttp 124 "POST /users/ HTTP/1.1" 400 102
WARNING 2019-07-15 08:22:12,330 tasks 20 发送验证码短信[失败][ mobile: 15399116580 ]
INFO 2019-07-15 08:23:37,996 basehttp 124 "GET /image_codes/88e1c7d5-45df-49e0-acc5-763cc7ac1c46/ HTTP/1.1" 200 3410
INFO 2019-07-15 08:24:06,147 basehttp 124 "GET /image_codes/c78a6d97-5278-43c3-a295-f24a5d8eebc8/ HTTP/1.1" 200 3182
INFO 2019-07-15 08:24:09,190 basehttp 124 "GET /image_codes/f8d45a5c-e672-4bcf-a2ff-4415246f3ca6/ HTTP/1.1" 200 3180
INFO 2019-07-15 08:24:09,533 basehttp 124 "GET /image_codes/5c9f50bd-9a38-4758-9603-48265d1881b0/ HTTP/1.1" 200 3294
INFO 2019-07-15 08:31:04,377 basehttp 124 "GET /image_codes/7b8c923e-68b9-4eb8-bd66-028493987da9/ HTTP/1.1" 200 2852
WARNING 2019-07-15 08:31:10,054 base 152 Not Found: /usernames/python2/count/
WARNING 2019-07-15 08:31:10,057 basehttp 124 "GET /usernames/python2/count/ HTTP/1.1" 404 2549
WARNING 2019-07-15 08:31:22,279 base 152 Not Found: /mobiles/15399116580/count/
WARNING 2019-07-15 08:31:22,281 basehttp 124 "GET /mobiles/15399116580/count/ HTTP/1.1" 404 2555
WARNING 2019-07-15 08:31:28,948 base 152 Not Found: /mobiles/15399116580/count/
WARNING 2019-07-15 08:31:28,960 basehttp 124 "GET /mobiles/15399116580/count/ HTTP/1.1" 404 2555
INFO 2019-07-15 08:31:29,037 basehttp 124 "GET /sms_codes/15399116580/?text=TXZY&image_code_id=7b8c923e-68b9-4eb8-bd66-028493987da9 HTTP/1.1" 200 16
WARNING 2019-07-15 08:31:36,386 base 152 Not Found: /usernames/python2/count/
WARNING 2019-07-15 08:31:36,388 base 152 Not Found: /mobiles/15399116580/count/
WARNING 2019-07-15 08:31:36,391 basehttp 124 "GET /mobiles/15399116580/count/ HTTP/1.1" 404 2555
INFO 2019-07-15 08:31:36,389 basehttp 124 "OPTIONS /users/ HTTP/1.1" 200 0
WARNING 2019-07-15 08:31:36,398 basehttp 124 "GET /usernames/python2/count/ HTTP/1.1" 404 2549
WARNING 2019-07-15 08:31:36,406 basehttp 124 "POST /users/ HTTP/1.1" 400 55
WARNING 2019-07-15 08:31:50,137 tasks 20 发送验证码短信[失败][ mobile: 15399116580 ]
INFO 2019-07-15 08:36:03,882 basehttp 124 "GET /image_codes/cdcb6dc0-56da-40ff-8677-392386e9a3a1/ HTTP/1.1" 200 3340
INFO 2019-07-15 08:36:37,434 basehttp 124 "GET /image_codes/29475ce5-cb91-41de-850a-ebc0d25ca15e/ HTTP/1.1" 200 3242
INFO 2019-07-15 08:36:50,362 basehttp 124 "GET /image_codes/1c5afeae-9766-44f5-86c2-1155b3b6c411/ HTTP/1.1" 200 3137
WARNING 2019-07-15 08:36:56,108 base 152 Not Found: /usernames/python3/count/
WARNING 2019-07-15 08:36:56,109 basehttp 124 "GET /usernames/python3/count/ HTTP/1.1" 404 2549
WARNING 2019-07-15 08:37:06,437 base 152 Not Found: /mobiles/15399116580/count/
WARNING 2019-07-15 08:37:06,437 basehttp 124 "GET /mobiles/15399116580/count/ HTTP/1.1" 404 2555
WARNING 2019-07-15 08:37:14,595 base 152 Not Found: /mobiles/15399116580/count/
WARNING 2019-07-15 08:37:14,595 basehttp 124 "GET /mobiles/15399116580/count/ HTTP/1.1" 404 2555
INFO 2019-07-15 08:37:14,677 basehttp 124 "GET /sms_codes/15399116580/?text=9kno&image_code_id=1c5afeae-9766-44f5-86c2-1155b3b6c411 HTTP/1.1" 200 16
WARNING 2019-07-15 08:37:24,649 base 152 Not Found: /usernames/python3/count/
WARNING 2019-07-15 08:37:24,655 base 152 Not Found: /mobiles/15399116580/count/
WARNING 2019-07-15 08:37:24,657 basehttp 124 "GET /usernames/python3/count/ HTTP/1.1" 404 2549
WARNING 2019-07-15 08:37:24,659 basehttp 124 "GET /mobiles/15399116580/count/ HTTP/1.1" 404 2555
WARNING 2019-07-15 08:37:24,663 basehttp 124 "POST /users/ HTTP/1.1" 400 55
WARNING 2019-07-15 08:37:35,742 tasks 20 发送验证码短信[失败][ mobile: 15399116580 ]
INFO 2019-07-15 08:58:39,437 basehttp 124 "GET /image_codes/4f4350ef-59e9-48fd-95c3-93489665499e/ HTTP/1.1" 200 3235
INFO 2019-07-15 08:59:00,032 basehttp 124 "GET /usernames/python9/count/ HTTP/1.1" 200 32
INFO 2019-07-15 08:59:09,392 basehttp 124 "GET /mobiles/15399116580/count/ HTTP/1.1" 200 34
INFO 2019-07-15 08:59:25,242 basehttp 124 "GET /mobiles/15399116580/count/ HTTP/1.1" 200 34
INFO 2019-07-15 08:59:33,089 basehttp 124 "GET /mobiles/18535162378/count/ HTTP/1.1" 200 34
INFO 2019-07-15 08:59:55,910 basehttp 124 "GET /mobiles/18535162378/count/ HTTP/1.1" 200 34
INFO 2019-07-15 08:59:55,972 basehttp 124 "GET /sms_codes/18535162378/?text=8HR9&image_code_id=4f4350ef-59e9-48fd-95c3-93489665499e HTTP/1.1" 200 16
INFO 2019-07-15 09:00:07,883 basehttp 124 "GET /usernames/python9/count/ HTTP/1.1" 200 32
INFO 2019-07-15 09:00:07,887 basehttp 124 "GET /mobiles/18535162378/count/ HTTP/1.1" 200 34
INFO 2019-07-15 09:00:07,889 basehttp 124 "OPTIONS /users/ HTTP/1.1" 200 0
INFO 2019-07-15 09:00:08,021 basehttp 124 "POST /users/ HTTP/1.1" 201 52
WARNING 2019-07-15 09:00:17,080 tasks 20 发送验证码短信[失败][ mobile: 18535162378 ]
